#
# There is insufficient memory for the Java Runtime Environment to continue.
# Native memory allocation (malloc) failed to allocate 1048576 bytes for AllocateHeap
# Possible reasons:
#   The system is out of physical RAM or swap space
#   In 32 bit mode, the process size limit was hit
# Possible solutions:
#   Reduce memory load on the system
#   Increase physical memory or swap space
#   Check if swap backing store is full
#   Use 64 bit Java on a 64 bit OS
#   Decrease Java heap size (-Xmx/-Xms)
#   Decrease number of Java threads
#   Decrease Java thread stack sizes (-Xss)
#   Set larger code cache with -XX:ReservedCodeCacheSize=
# This output file may be truncated or incomplete.
#
#  Out of Memory Error (memory/allocation.inline.hpp:61), pid=8924, tid=0x000000000000392c
#
# JRE version:  (8.0_121-b13) (build )
# Java VM: Java HotSpot(TM) 64-Bit Server VM (25.121-b13 mixed mode windows-amd64 compressed oops)
# Failed to write core dump. Minidumps are not enabled by default on client versions of Windows
#

---------------  T H R E A D  ---------------

Current thread (0x0000000002dc0800):  JavaThread "Unknown thread" [_thread_in_vm, id=14636, stack(0x0000000002cc0000,0x0000000002dc0000)]

Stack: [0x0000000002cc0000,0x0000000002dc0000]
[error occurred during error reporting (printing stack bounds), id 0xc0000005]

Native frames: (J=compiled Java code, j=interpreted, Vv=VM code, C=native code)


---------------  P R O C E S S  ---------------

Java Threads: ( => current thread )

Other Threads:

=>0x0000000002dc0800 (exited) JavaThread "Unknown thread" [_thread_in_vm, id=14636, stack(0x0000000002cc0000,0x0000000002dc0000)]

VM state:not at safepoint (normal execution)

VM Mutex/Monitor currently owned by a thread: None

Heap:
 PSYoungGen      total 18944K, used 327K [0x00000000eb180000, 0x00000000ec680000, 0x0000000100000000)
  eden space 16384K, 2% used [0x00000000eb180000,0x00000000eb1d1ec8,0x00000000ec180000)
  from space 2560K, 0% used [0x00000000ec400000,0x00000000ec400000,0x00000000ec680000)
  to   space 2560K, 0% used [0x00000000ec180000,0x00000000ec180000,0x00000000ec400000)
 ParOldGen       total 44032K, used 0K [0x00000000c1400000, 0x00000000c3f00000, 0x00000000eb180000)
  object space 44032K, 0% used [0x00000000c1400000,0x00000000c1400000,0x00000000c3f00000)
 Metaspace       used 746K, capacity 4480K, committed 4480K, reserved 1056768K
  class space    used 75K, capacity 384K, committed 384K, reserved 1048576K

Card table byte_map: [0x0000000012280000,0x0000000012480000] byte_map_base: 0x0000000011c76000

Marking Bits: (ParMarkBitMap*) 0x00000000576cb6d0
 Begin Bits: [0x00000000129d0000, 0x0000000013980000)
 End Bits:   [0x0000000013980000, 0x0000000014930000)

Polling page: 0x0000000002c20000

CodeCache: size=245760Kb used=328Kb max_used=328Kb free=245431Kb
 bounds [0x0000000002ec0000, 0x0000000003130000, 0x0000000011ec0000]
 total_blobs=58 nmethods=0 adapters=38
 compilation: enabled

Compilation events (0 events):
No events

GC Heap History (0 events):
No events

Deoptimization events (0 events):
No events

Internal exceptions (0 events):
No events

Events (10 events):
Event: 0.079 loading class java/lang/Short
Event: 0.079 loading class java/lang/Short done
Event: 0.079 loading class java/lang/Integer
Event: 0.079 loading class java/lang/Integer done
Event: 0.079 loading class java/lang/Long
Event: 0.079 loading class java/lang/Long done
Event: 0.080 loading class java/lang/NullPointerException
Event: 0.081 loading class java/lang/NullPointerException done
Event: 0.081 loading class java/lang/ArithmeticException
Event: 0.081 loading class java/lang/ArithmeticException done


Dynamic libraries:
0x00007ff62eec0000 - 0x00007ff62eef7000 	C:\Program Files\Java\jre1.8.0_121\bin\javaw.exe
0x00007ffca9470000 - 0x00007ffca9641000 	C:\windows\SYSTEM32\ntdll.dll
0x00007ffca8ac0000 - 0x00007ffca8b6c000 	C:\windows\System32\KERNEL32.DLL
0x00007ffca5960000 - 0x00007ffca5b7d000 	C:\windows\System32\KERNELBASE.dll
0x00007ffca8fa0000 - 0x00007ffca9042000 	C:\windows\System32\ADVAPI32.dll
0x00007ffca6a00000 - 0x00007ffca6a9e000 	C:\windows\System32\msvcrt.dll
0x00007ffca85e0000 - 0x00007ffca8639000 	C:\windows\System32\sechost.dll
0x00007ffca87b0000 - 0x00007ffca88d1000 	C:\windows\System32\RPCRT4.dll
0x00007ffca8640000 - 0x00007ffca87a5000 	C:\windows\System32\USER32.dll
0x00007ffca5e50000 - 0x00007ffca5e6e000 	C:\windows\System32\win32u.dll
0x00007ffca8140000 - 0x00007ffca8174000 	C:\windows\System32\GDI32.dll
0x00007ffca5f70000 - 0x00007ffca60f2000 	C:\windows\System32\gdi32full.dll
0x00007ffc9b470000 - 0x00007ffc9b6ea000 	C:\windows\WinSxS\amd64_microsoft.windows.common-controls_6595b64144ccf1df_6.0.14393.953_none_42151e83c686086b\COMCTL32.dll
0x00007ffca8310000 - 0x00007ffca85d8000 	C:\windows\System32\combase.dll
0x00007ffca5b80000 - 0x00007ffca5c75000 	C:\windows\System32\ucrtbase.dll
0x00007ffca6100000 - 0x00007ffca616a000 	C:\windows\System32\bcryptPrimitives.dll
0x00007ffca6ab0000 - 0x00007ffca6ade000 	C:\windows\System32\IMM32.DLL
0x0000000056630000 - 0x0000000056702000 	C:\Program Files\Java\jre1.8.0_121\bin\msvcr100.dll
0x0000000056eb0000 - 0x000000005774b000 	C:\Program Files\Java\jre1.8.0_121\bin\server\jvm.dll
0x00007ffca9220000 - 0x00007ffca9228000 	C:\windows\System32\PSAPI.DLL
0x00007ffc9b1c0000 - 0x00007ffc9b1c9000 	C:\windows\SYSTEM32\WSOCK32.dll
0x00007ffca2ec0000 - 0x00007ffca2ee3000 	C:\windows\SYSTEM32\WINMM.dll
0x00007ffc96790000 - 0x00007ffc9679a000 	C:\windows\SYSTEM32\VERSION.dll
0x00007ffca9050000 - 0x00007ffca90ba000 	C:\windows\System32\WS2_32.dll
0x00007ffca2e90000 - 0x00007ffca2ebb000 	C:\windows\SYSTEM32\WINMMBASE.dll
0x00007ffca69b0000 - 0x00007ffca69f2000 	C:\windows\System32\cfgmgr32.dll
0x0000000056dc0000 - 0x0000000056dcf000 	C:\Program Files\Java\jre1.8.0_121\bin\verify.dll
0x0000000056d90000 - 0x0000000056db9000 	C:\Program Files\Java\jre1.8.0_121\bin\java.dll
0x0000000056d70000 - 0x0000000056d86000 	C:\Program Files\Java\jre1.8.0_121\bin\zip.dll

VM Arguments:
jvm_args: -Dfile.encoding=GBK 
java_command: LibraryProJect_2017.Addbook
java_class_path (initial): D:\编程与开发\java\LibraryProJect_2017\bin
Launcher Type: SUN_STANDARD

Environment Variables:
JAVA_HOME=C:\Program Files\Java\jdk1.8.0_121
CLASSPATH=.;C:\Program Files\Java\jdk1.8.0_121\lib;
PATH=C:/Program Files/Java/jre1.8.0_121/bin/server;C:/Program Files/Java/jre1.8.0_121/bin;C:/Program Files/Java/jre1.8.0_121/lib/amd64;C:\ProgramData\Oracle\Java\javapath;C:\windows\system32;C:\windows;C:\windows\System32\Wbem;C:\windows\System32\WindowsPowerShell\v1.0\;C:\Program Files\MySQL\MySQL Utilities 1.6\;D:\编程与开发\CodeBlock\CodeBlocks\MinGW\bin;D:\编程与开发\Sublime Text\Sublime Text 3\Sublime Text 3;"C:\Program Files\Java\jdk1.8.0_121\bin";D:\编程与开发\eclipse\Eclipse IDE for Java EE Developers_win64\eclipse;
USERNAME=nan
OS=Windows_NT
PROCESSOR_IDENTIFIER=Intel64 Family 6 Model 61 Stepping 4, GenuineIntel



---------------  S Y S T E M  ---------------

OS: Windows 10.0 , 64 bit Build 14393 (10.0.14393.1198)

CPU:total 4 (2 cores per cpu, 2 threads per core) family 6 model 61 stepping 4, cmov, cx8, fxsr, mmx, sse, sse2, sse3, ssse3, sse4.1, sse4.2, popcnt, avx, avx2, aes, clmul, erms, 3dnowpref, lzcnt, ht, tsc, tscinvbit, bmi1, bmi2, adx

Memory: 4k page, physical 4106088k(870652k free), swap 16689000k(5492k free)

vm_info: Java HotSpot(TM) 64-Bit Server VM (25.121-b13) for windows-amd64 JRE (1.8.0_121-b13), built on Dec 12 2016 18:21:36 by "java_re" with MS VC++ 10.0 (VS2010)

time: Sat May 20 17:21:45 2017
elapsed time: 0 seconds (0d 0h 0m 0s)

